<?xml version="1.0" encoding="UTF-8"?>
<testsuite name="com.example.dressing.DressingApplicationTests" tests="1" skipped="0" failures="0" errors="0" timestamp="2023-11-26T11:52:12" hostname="USER" time="0.072">
  <properties/>
  <testcase name="contextLoads()" classname="com.example.dressing.DressingApplicationTests" time="0.072"/>
  <system-out><![CDATA[20:52:09.296 [Test worker] DEBUG org.springframework.test.context.BootstrapUtils - Instantiating CacheAwareContextLoaderDelegate from class [org.springframework.test.context.cache.DefaultCacheAwareContextLoaderDelegate]
20:52:09.303 [Test worker] DEBUG org.springframework.test.context.BootstrapUtils - Instantiating BootstrapContext using constructor [public org.springframework.test.context.support.DefaultBootstrapContext(java.lang.Class,org.springframework.test.context.CacheAwareContextLoaderDelegate)]
20:52:09.325 [Test worker] DEBUG org.springframework.test.context.BootstrapUtils - Instantiating TestContextBootstrapper for test class [com.example.dressing.DressingApplicationTests] from class [org.springframework.boot.test.context.SpringBootTestContextBootstrapper]
20:52:09.332 [Test worker] INFO org.springframework.boot.test.context.SpringBootTestContextBootstrapper - Neither @ContextConfiguration nor @ContextHierarchy found for test class [com.example.dressing.DressingApplicationTests], using SpringBootContextLoader
20:52:09.336 [Test worker] DEBUG org.springframework.test.context.support.AbstractContextLoader - Did not detect default resource location for test class [com.example.dressing.DressingApplicationTests]: class path resource [com/example/dressing/DressingApplicationTests-context.xml] does not exist
20:52:09.337 [Test worker] DEBUG org.springframework.test.context.support.AbstractContextLoader - Did not detect default resource location for test class [com.example.dressing.DressingApplicationTests]: class path resource [com/example/dressing/DressingApplicationTestsContext.groovy] does not exist
20:52:09.337 [Test worker] INFO org.springframework.test.context.support.AbstractContextLoader - Could not detect default resource locations for test class [com.example.dressing.DressingApplicationTests]: no resource found for suffixes {-context.xml, Context.groovy}.
20:52:09.337 [Test worker] INFO org.springframework.test.context.support.AnnotationConfigContextLoaderUtils - Could not detect default configuration classes for test class [com.example.dressing.DressingApplicationTests]: DressingApplicationTests does not declare any static, non-private, non-final, nested classes annotated with @Configuration.
20:52:09.363 [Test worker] DEBUG org.springframework.test.context.support.ActiveProfilesUtils - Could not find an 'annotation declaring class' for annotation type [org.springframework.test.context.ActiveProfiles] and class [com.example.dressing.DressingApplicationTests]
20:52:09.407 [Test worker] DEBUG org.springframework.context.annotation.ClassPathScanningCandidateComponentProvider - Identified candidate component class: file [C:\Users\cocom\OneDrive\바탕 화면\SE-Dressing\build\classes\java\main\com\example\dressing\DressingApplication.class]
20:52:09.407 [Test worker] INFO org.springframework.boot.test.context.SpringBootTestContextBootstrapper - Found @SpringBootConfiguration com.example.dressing.DressingApplication for test class com.example.dressing.DressingApplicationTests
20:52:09.481 [Test worker] DEBUG org.springframework.boot.test.context.SpringBootTestContextBootstrapper - @TestExecutionListeners is not present for class [com.example.dressing.DressingApplicationTests]: using defaults.
20:52:09.483 [Test worker] INFO org.springframework.boot.test.context.SpringBootTestContextBootstrapper - Loaded default TestExecutionListener class names from location [META-INF/spring.factories]: [org.springframework.boot.test.autoconfigure.restdocs.RestDocsTestExecutionListener, org.springframework.boot.test.autoconfigure.web.client.MockRestServiceServerResetTestExecutionListener, org.springframework.boot.test.autoconfigure.web.servlet.MockMvcPrintOnlyOnFailureTestExecutionListener, org.springframework.boot.test.autoconfigure.web.servlet.WebDriverTestExecutionListener, org.springframework.boot.test.autoconfigure.webservices.client.MockWebServiceServerTestExecutionListener, org.springframework.boot.test.mock.mockito.MockitoTestExecutionListener, org.springframework.boot.test.mock.mockito.ResetMocksTestExecutionListener, org.springframework.test.context.web.ServletTestExecutionListener, org.springframework.test.context.support.DirtiesContextBeforeModesTestExecutionListener, org.springframework.test.context.event.ApplicationEventsTestExecutionListener, org.springframework.test.context.support.DependencyInjectionTestExecutionListener, org.springframework.test.context.support.DirtiesContextTestExecutionListener, org.springframework.test.context.transaction.TransactionalTestExecutionListener, org.springframework.test.context.jdbc.SqlScriptsTestExecutionListener, org.springframework.test.context.event.EventPublishingTestExecutionListener]
20:52:09.494 [Test worker] INFO org.springframework.boot.test.context.SpringBootTestContextBootstrapper - Using TestExecutionListeners: [org.springframework.test.context.web.ServletTestExecutionListener@1deb2c43, org.springframework.test.context.support.DirtiesContextBeforeModesTestExecutionListener@3bb9efbc, org.springframework.test.context.event.ApplicationEventsTestExecutionListener@1cefc4b3, org.springframework.boot.test.mock.mockito.MockitoTestExecutionListener@2b27cc70, org.springframework.boot.test.autoconfigure.SpringBootDependencyInjectionTestExecutionListener@6f6a7463, org.springframework.test.context.support.DirtiesContextTestExecutionListener@1bdaa23d, org.springframework.test.context.transaction.TransactionalTestExecutionListener@79f227a9, org.springframework.test.context.jdbc.SqlScriptsTestExecutionListener@6ca320ab, org.springframework.test.context.event.EventPublishingTestExecutionListener@50d68830, org.springframework.boot.test.autoconfigure.restdocs.RestDocsTestExecutionListener@1e53135d, org.springframework.boot.test.autoconfigure.web.client.MockRestServiceServerResetTestExecutionListener@7674a051, org.springframework.boot.test.autoconfigure.web.servlet.MockMvcPrintOnlyOnFailureTestExecutionListener@3a7704c, org.springframework.boot.test.autoconfigure.web.servlet.WebDriverTestExecutionListener@6754ef00, org.springframework.boot.test.autoconfigure.webservices.client.MockWebServiceServerTestExecutionListener@619bd14c, org.springframework.boot.test.mock.mockito.ResetMocksTestExecutionListener@323e8306]
20:52:09.496 [Test worker] DEBUG org.springframework.test.context.support.AbstractDirtiesContextTestExecutionListener - Before test class: context [DefaultTestContext@3e792ce3 testClass = DressingApplicationTests, testInstance = [null], testMethod = [null], testException = [null], mergedContextConfiguration = [WebMergedContextConfiguration@53bc1328 testClass = DressingApplicationTests, locations = '{}', classes = '{class com.example.dressing.DressingApplication}', contextInitializerClasses = '[]', activeProfiles = '{}', propertySourceLocations = '{}', propertySourceProperties = '{org.springframework.boot.test.context.SpringBootTestContextBootstrapper=true}', contextCustomizers = set[org.springframework.boot.test.autoconfigure.actuate.metrics.MetricsExportContextCustomizerFactory$DisableMetricExportContextCustomizer@56bca85b, org.springframework.boot.test.autoconfigure.properties.PropertyMappingContextCustomizer@0, org.springframework.boot.test.autoconfigure.web.servlet.WebDriverContextCustomizerFactory$Customizer@47db5fa5, org.springframework.boot.test.context.filter.ExcludeFilterContextCustomizer@1080b026, org.springframework.boot.test.json.DuplicateJsonObjectContextCustomizerFactory$DuplicateJsonObjectContextCustomizer@dcfda20, org.springframework.boot.test.mock.mockito.MockitoContextCustomizer@0, org.springframework.boot.test.web.client.TestRestTemplateContextCustomizer@5bfa8cc5, org.springframework.boot.test.context.SpringBootTestArgs@1, org.springframework.boot.test.context.SpringBootTestWebEnvironment@4e928fbf], resourceBasePath = 'src/main/webapp', contextLoader = 'org.springframework.boot.test.context.SpringBootContextLoader', parent = [null]], attributes = map['org.springframework.test.context.web.ServletTestExecutionListener.activateListener' -> true]], class annotated with @DirtiesContext [false] with mode [null].

  .   ____          _            __ _ _
 /\\ / ___'_ __ _ _(_)_ __  __ _ \ \ \ \
( ( )\___ | '_ | '_| | '_ \/ _` | \ \ \ \
 \\/  ___)| |_)| | | | | || (_| |  ) ) ) )
  '  |____| .__|_| |_|_| |_\__, | / / / /
 =========|_|==============|___/=/_/_/_/
 :: Spring Boot ::               (v2.7.15)

2023-11-26 20:52:09.747  INFO 3656 --- [    Test worker] c.e.dressing.DressingApplicationTests    : Starting DressingApplicationTests using Java 11.0.19 on user with PID 3656 (started by cocom in C:\Users\cocom\OneDrive\바탕 화면\SE-Dressing)
2023-11-26 20:52:09.748  INFO 3656 --- [    Test worker] c.e.dressing.DressingApplicationTests    : No active profile set, falling back to 1 default profile: "default"
2023-11-26 20:52:10.174  INFO 3656 --- [    Test worker] .s.d.r.c.RepositoryConfigurationDelegate : Bootstrapping Spring Data JPA repositories in DEFAULT mode.
2023-11-26 20:52:10.210  INFO 3656 --- [    Test worker] .s.d.r.c.RepositoryConfigurationDelegate : Finished Spring Data repository scanning in 31 ms. Found 4 JPA repository interfaces.
2023-11-26 20:52:10.580  INFO 3656 --- [    Test worker] o.hibernate.jpa.internal.util.LogHelper  : HHH000204: Processing PersistenceUnitInfo [name: default]
2023-11-26 20:52:10.619  INFO 3656 --- [    Test worker] org.hibernate.Version                    : HHH000412: Hibernate ORM core version 5.6.15.Final
2023-11-26 20:52:10.732  INFO 3656 --- [    Test worker] o.hibernate.annotations.common.Version   : HCANN000001: Hibernate Commons Annotations {5.1.2.Final}
2023-11-26 20:52:10.829  INFO 3656 --- [    Test worker] com.zaxxer.hikari.HikariDataSource       : HikariPool-1 - Starting...
2023-11-26 20:52:10.953  INFO 3656 --- [    Test worker] com.zaxxer.hikari.HikariDataSource       : HikariPool-1 - Start completed.
2023-11-26 20:52:10.962  INFO 3656 --- [    Test worker] org.hibernate.dialect.Dialect            : HHH000400: Using dialect: org.hibernate.dialect.MySQL8Dialect
2023-11-26 20:52:11.364  INFO 3656 --- [    Test worker] o.h.e.t.j.p.i.JtaPlatformInitiator       : HHH000490: Using JtaPlatform implementation: [org.hibernate.engine.transaction.jta.platform.internal.NoJtaPlatform]
2023-11-26 20:52:11.370  INFO 3656 --- [    Test worker] j.LocalContainerEntityManagerFactoryBean : Initialized JPA EntityManagerFactory for persistence unit 'default'
insertClosetInfoData 메소드 호출됨
Hibernate: 
    select
        closetinfo0_.label as label1_0_0_,
        closetinfo0_.category as category2_0_0_,
        closetinfo0_.maxTemp as maxtemp3_0_0_,
        closetinfo0_.minTemp as mintemp4_0_0_ 
    from
        closet_info_table closetinfo0_ 
    where
        closetinfo0_.label=?
Hibernate: 
    select
        closetinfo0_.label as label1_0_0_,
        closetinfo0_.category as category2_0_0_,
        closetinfo0_.maxTemp as maxtemp3_0_0_,
        closetinfo0_.minTemp as mintemp4_0_0_ 
    from
        closet_info_table closetinfo0_ 
    where
        closetinfo0_.label=?
Hibernate: 
    select
        closetinfo0_.label as label1_0_0_,
        closetinfo0_.category as category2_0_0_,
        closetinfo0_.maxTemp as maxtemp3_0_0_,
        closetinfo0_.minTemp as mintemp4_0_0_ 
    from
        closet_info_table closetinfo0_ 
    where
        closetinfo0_.label=?
Hibernate: 
    select
        closetinfo0_.label as label1_0_0_,
        closetinfo0_.category as category2_0_0_,
        closetinfo0_.maxTemp as maxtemp3_0_0_,
        closetinfo0_.minTemp as mintemp4_0_0_ 
    from
        closet_info_table closetinfo0_ 
    where
        closetinfo0_.label=?
Hibernate: 
    select
        closetinfo0_.label as label1_0_0_,
        closetinfo0_.category as category2_0_0_,
        closetinfo0_.maxTemp as maxtemp3_0_0_,
        closetinfo0_.minTemp as mintemp4_0_0_ 
    from
        closet_info_table closetinfo0_ 
    where
        closetinfo0_.label=?
Hibernate: 
    select
        closetinfo0_.label as label1_0_0_,
        closetinfo0_.category as category2_0_0_,
        closetinfo0_.maxTemp as maxtemp3_0_0_,
        closetinfo0_.minTemp as mintemp4_0_0_ 
    from
        closet_info_table closetinfo0_ 
    where
        closetinfo0_.label=?
Hibernate: 
    select
        closetinfo0_.label as label1_0_0_,
        closetinfo0_.category as category2_0_0_,
        closetinfo0_.maxTemp as maxtemp3_0_0_,
        closetinfo0_.minTemp as mintemp4_0_0_ 
    from
        closet_info_table closetinfo0_ 
    where
        closetinfo0_.label=?
Hibernate: 
    select
        closetinfo0_.label as label1_0_0_,
        closetinfo0_.category as category2_0_0_,
        closetinfo0_.maxTemp as maxtemp3_0_0_,
        closetinfo0_.minTemp as mintemp4_0_0_ 
    from
        closet_info_table closetinfo0_ 
    where
        closetinfo0_.label=?
Hibernate: 
    select
        closetinfo0_.label as label1_0_0_,
        closetinfo0_.category as category2_0_0_,
        closetinfo0_.maxTemp as maxtemp3_0_0_,
        closetinfo0_.minTemp as mintemp4_0_0_ 
    from
        closet_info_table closetinfo0_ 
    where
        closetinfo0_.label=?
Hibernate: 
    select
        closetinfo0_.label as label1_0_0_,
        closetinfo0_.category as category2_0_0_,
        closetinfo0_.maxTemp as maxtemp3_0_0_,
        closetinfo0_.minTemp as mintemp4_0_0_ 
    from
        closet_info_table closetinfo0_ 
    where
        closetinfo0_.label=?
2023-11-26 20:52:12.162  INFO 3656 --- [    Test worker] o.s.b.a.w.s.WelcomePageHandlerMapping    : Adding welcome page: class path resource [static/index.html]
2023-11-26 20:52:12.475  INFO 3656 --- [    Test worker] c.e.dressing.DressingApplicationTests    : Started DressingApplicationTests in 2.958 seconds (JVM running for 3.697)
Hibernate: 
    select
        userentity0_.id as id1_3_,
        userentity0_.createdDate as createdd2_3_,
        userentity0_.local as local3_3_,
        userentity0_.phoneNumber as phonenum4_3_,
        userentity0_.userId as userid5_3_,
        userentity0_.userName as username6_3_,
        userentity0_.userPassword as userpass7_3_,
        userentity0_.userRank as userrank8_3_ 
    from
        user_table userentity0_
유저 rank 업데이트 완료
]]></system-out>
  <system-err><![CDATA[]]></system-err>
</testsuite>
